[0.265s] DEBUG:colcon:Command line arguments: ['/usr/bin/colcon', 'build', '--symlink-install', '--packages-select', 'visual_docking']
[0.265s] DEBUG:colcon:Parsed command line arguments: Namespace(log_base=None, log_level=None, verb_name='build', build_base='build', install_base='install', merge_install=False, symlink_install=True, test_result_base=None, continue_on_error=False, executor='parallel', parallel_workers=16, event_handlers=None, ignore_user_meta=False, metas=['./colcon.meta'], base_paths=['.'], packages_ignore=None, packages_ignore_regex=None, paths=None, packages_up_to=None, packages_up_to_regex=None, packages_above=None, packages_above_and_dependencies=None, packages_above_depth=None, packages_select_by_dep=None, packages_skip_by_dep=None, packages_skip_up_to=None, packages_select_build_failed=False, packages_skip_build_finished=False, packages_select_test_failures=False, packages_skip_test_passed=False, packages_select=['visual_docking'], packages_skip=None, packages_select_regex=None, packages_skip_regex=None, packages_start=None, packages_end=None, allow_overriding=[], cmake_args=None, cmake_target=None, cmake_target_skip_unavailable=False, cmake_clean_cache=False, cmake_clean_first=False, cmake_force_configure=False, ament_cmake_args=None, catkin_cmake_args=None, catkin_skip_building_tests=False, mixin_files=None, mixin=None, verb_parser=<colcon_mixin.mixin.mixin_argument.MixinArgumentDecorator object at 0x76f21fba5880>, verb_extension=<colcon_core.verb.build.BuildVerb object at 0x76f21fb176e0>, main=<bound method BuildVerb.main of <colcon_core.verb.build.BuildVerb object at 0x76f21fb176e0>>, mixin_verb=('build',))
[0.331s] Level 1:colcon.colcon_core.package_discovery:discover_packages(colcon_meta) check parameters
[0.331s] Level 1:colcon.colcon_core.package_discovery:discover_packages(recursive) check parameters
[0.331s] Level 1:colcon.colcon_core.package_discovery:discover_packages(ignore) check parameters
[0.331s] Level 1:colcon.colcon_core.package_discovery:discover_packages(path) check parameters
[0.331s] Level 1:colcon.colcon_core.package_discovery:discover_packages(colcon_meta) discover
[0.331s] Level 1:colcon.colcon_core.package_discovery:discover_packages(recursive) discover
[0.331s] INFO:colcon.colcon_core.package_discovery:Crawling recursively for packages in '/home/adarsh/Downloads/files'
[0.332s] Level 1:colcon.colcon_core.package_identification:_identify(.) by extensions ['ignore', 'ignore_ament_install']
[0.332s] Level 1:colcon.colcon_core.package_identification:_identify(.) by extension 'ignore'
[0.332s] Level 1:colcon.colcon_core.package_identification:_identify(.) by extension 'ignore_ament_install'
[0.332s] Level 1:colcon.colcon_core.package_identification:_identify(.) by extensions ['colcon_pkg']
[0.332s] Level 1:colcon.colcon_core.package_identification:_identify(.) by extension 'colcon_pkg'
[0.332s] Level 1:colcon.colcon_core.package_identification:_identify(.) by extensions ['colcon_meta']
[0.332s] Level 1:colcon.colcon_core.package_identification:_identify(.) by extension 'colcon_meta'
[0.332s] Level 1:colcon.colcon_core.package_identification:_identify(.) by extensions ['ros']
[0.332s] Level 1:colcon.colcon_core.package_identification:_identify(.) by extension 'ros'
[0.370s] DEBUG:colcon.colcon_core.package_identification:Package '.' with type 'ros.ament_cmake' and name 'visual_docking'
[0.370s] Level 1:colcon.colcon_core.package_discovery:discover_packages(recursive) using defaults
[0.370s] Level 1:colcon.colcon_core.package_discovery:discover_packages(ignore) discover
[0.370s] Level 1:colcon.colcon_core.package_discovery:discover_packages(ignore) using defaults
[0.370s] Level 1:colcon.colcon_core.package_discovery:discover_packages(path) discover
[0.370s] Level 1:colcon.colcon_core.package_discovery:discover_packages(path) using defaults
[0.395s] Level 1:colcon.colcon_core.package_discovery:discover_packages(prefix_path) check parameters
[0.395s] Level 1:colcon.colcon_core.package_discovery:discover_packages(prefix_path) discover
[0.398s] DEBUG:colcon.colcon_installed_package_information.package_discovery:Found 3 installed packages in /home/adarsh/docking_ws/install
[0.401s] DEBUG:colcon.colcon_installed_package_information.package_discovery:Found 453 installed packages in /opt/ros/jazzy
[0.402s] Level 1:colcon.colcon_core.package_discovery:discover_packages(prefix_path) using defaults
[0.451s] Level 5:colcon.colcon_core.verb:set package 'visual_docking' build argument 'cmake_args' from command line to 'None'
[0.451s] Level 5:colcon.colcon_core.verb:set package 'visual_docking' build argument 'cmake_target' from command line to 'None'
[0.451s] Level 5:colcon.colcon_core.verb:set package 'visual_docking' build argument 'cmake_target_skip_unavailable' from command line to 'False'
[0.451s] Level 5:colcon.colcon_core.verb:set package 'visual_docking' build argument 'cmake_clean_cache' from command line to 'False'
[0.451s] Level 5:colcon.colcon_core.verb:set package 'visual_docking' build argument 'cmake_clean_first' from command line to 'False'
[0.451s] Level 5:colcon.colcon_core.verb:set package 'visual_docking' build argument 'cmake_force_configure' from command line to 'False'
[0.451s] Level 5:colcon.colcon_core.verb:set package 'visual_docking' build argument 'ament_cmake_args' from command line to 'None'
[0.451s] Level 5:colcon.colcon_core.verb:set package 'visual_docking' build argument 'catkin_cmake_args' from command line to 'None'
[0.451s] Level 5:colcon.colcon_core.verb:set package 'visual_docking' build argument 'catkin_skip_building_tests' from command line to 'False'
[0.451s] DEBUG:colcon.colcon_core.verb:Building package 'visual_docking' with the following arguments: {'ament_cmake_args': None, 'build_base': '/home/adarsh/Downloads/files/build/visual_docking', 'catkin_cmake_args': None, 'catkin_skip_building_tests': False, 'cmake_args': None, 'cmake_clean_cache': False, 'cmake_clean_first': False, 'cmake_force_configure': False, 'cmake_target': None, 'cmake_target_skip_unavailable': False, 'install_base': '/home/adarsh/Downloads/files/install/visual_docking', 'merge_install': False, 'path': '/home/adarsh/Downloads/files', 'symlink_install': True, 'test_result_base': None}
[0.451s] INFO:colcon.colcon_core.executor:Executing jobs using 'parallel' executor
[0.452s] DEBUG:colcon.colcon_parallel_executor.executor.parallel:run_until_complete
[0.452s] INFO:colcon.colcon_ros.task.ament_cmake.build:Building ROS package in '/home/adarsh/Downloads/files' with build type 'ament_cmake'
[0.452s] INFO:colcon.colcon_cmake.task.cmake.build:Building CMake package in '/home/adarsh/Downloads/files'
[0.456s] INFO:colcon.colcon_core.plugin_system:Skipping extension 'colcon_core.shell.bat': Not used on non-Windows systems
[0.456s] INFO:colcon.colcon_core.shell:Skip shell extension 'powershell' for command environment: Not usable outside of PowerShell
[0.456s] DEBUG:colcon.colcon_core.shell:Skip shell extension 'dsv' for command environment
[0.464s] DEBUG:colcon.colcon_core.event_handler.log_command:Invoking command in '/home/adarsh/Downloads/files/build/visual_docking': CMAKE_PREFIX_PATH=${CMAKE_PREFIX_PATH}:/opt/ros/jazzy DEBUGINFOD_URLS=https://debuginfod.ubuntu.com /usr/bin/cmake /home/adarsh/Downloads/files -DAMENT_CMAKE_SYMLINK_INSTALL=1 -DCMAKE_INSTALL_PREFIX=/home/adarsh/Downloads/files/install/visual_docking
[2.062s] DEBUG:colcon.colcon_core.event_handler.log_command:Invoked command in '/home/adarsh/Downloads/files/build/visual_docking' returned '0': CMAKE_PREFIX_PATH=${CMAKE_PREFIX_PATH}:/opt/ros/jazzy DEBUGINFOD_URLS=https://debuginfod.ubuntu.com /usr/bin/cmake /home/adarsh/Downloads/files -DAMENT_CMAKE_SYMLINK_INSTALL=1 -DCMAKE_INSTALL_PREFIX=/home/adarsh/Downloads/files/install/visual_docking
[2.063s] DEBUG:colcon.colcon_core.event_handler.log_command:Invoking command in '/home/adarsh/Downloads/files/build/visual_docking': CMAKE_PREFIX_PATH=${CMAKE_PREFIX_PATH}:/opt/ros/jazzy DEBUGINFOD_URLS=https://debuginfod.ubuntu.com /usr/bin/cmake --build /home/adarsh/Downloads/files/build/visual_docking -- -j16 -l16
[2.354s] DEBUG:colcon.colcon_core.event_handler.log_command:Invoked command in '/home/adarsh/Downloads/files/build/visual_docking' returned '0': CMAKE_PREFIX_PATH=${CMAKE_PREFIX_PATH}:/opt/ros/jazzy DEBUGINFOD_URLS=https://debuginfod.ubuntu.com /usr/bin/cmake --build /home/adarsh/Downloads/files/build/visual_docking -- -j16 -l16
[2.364s] DEBUG:colcon.colcon_core.event_handler.log_command:Invoking command in '/home/adarsh/Downloads/files/build/visual_docking': CMAKE_PREFIX_PATH=${CMAKE_PREFIX_PATH}:/opt/ros/jazzy DEBUGINFOD_URLS=https://debuginfod.ubuntu.com /usr/bin/cmake --install /home/adarsh/Downloads/files/build/visual_docking
[2.710s] Level 1:colcon.colcon_core.environment:create_environment_scripts_only(visual_docking)
[2.711s] DEBUG:colcon.colcon_core.event_handler.log_command:Invoked command in '/home/adarsh/Downloads/files/build/visual_docking' returned '0': CMAKE_PREFIX_PATH=${CMAKE_PREFIX_PATH}:/opt/ros/jazzy DEBUGINFOD_URLS=https://debuginfod.ubuntu.com /usr/bin/cmake --install /home/adarsh/Downloads/files/build/visual_docking
[2.714s] Level 1:colcon.colcon_core.environment:checking '/home/adarsh/Downloads/files/install/visual_docking' for CMake module files
[2.715s] Level 1:colcon.colcon_core.environment:checking '/home/adarsh/Downloads/files/install/visual_docking' for CMake config files
[2.715s] Level 1:colcon.colcon_core.shell:create_environment_hook('visual_docking', 'cmake_prefix_path')
[2.715s] INFO:colcon.colcon_core.shell:Creating environment hook '/home/adarsh/Downloads/files/install/visual_docking/share/visual_docking/hook/cmake_prefix_path.ps1'
[2.716s] INFO:colcon.colcon_core.shell:Creating environment descriptor '/home/adarsh/Downloads/files/install/visual_docking/share/visual_docking/hook/cmake_prefix_path.dsv'
[2.716s] INFO:colcon.colcon_core.shell:Creating environment hook '/home/adarsh/Downloads/files/install/visual_docking/share/visual_docking/hook/cmake_prefix_path.sh'
[2.717s] Level 1:colcon.colcon_core.environment:checking '/home/adarsh/Downloads/files/install/visual_docking/lib'
[2.717s] Level 1:colcon.colcon_core.environment:checking '/home/adarsh/Downloads/files/install/visual_docking/bin'
[2.717s] Level 1:colcon.colcon_core.environment:checking '/home/adarsh/Downloads/files/install/visual_docking/lib/pkgconfig/visual_docking.pc'
[2.717s] Level 1:colcon.colcon_core.environment:checking '/home/adarsh/Downloads/files/install/visual_docking/lib/python3.12/site-packages'
[2.717s] Level 1:colcon.colcon_core.shell:create_environment_hook('visual_docking', 'pythonpath')
[2.717s] INFO:colcon.colcon_core.shell:Creating environment hook '/home/adarsh/Downloads/files/install/visual_docking/share/visual_docking/hook/pythonpath.ps1'
[2.718s] INFO:colcon.colcon_core.shell:Creating environment descriptor '/home/adarsh/Downloads/files/install/visual_docking/share/visual_docking/hook/pythonpath.dsv'
[2.718s] INFO:colcon.colcon_core.shell:Creating environment hook '/home/adarsh/Downloads/files/install/visual_docking/share/visual_docking/hook/pythonpath.sh'
[2.718s] Level 1:colcon.colcon_core.environment:checking '/home/adarsh/Downloads/files/install/visual_docking/bin'
[2.718s] INFO:colcon.colcon_core.shell:Creating package script '/home/adarsh/Downloads/files/install/visual_docking/share/visual_docking/package.ps1'
[2.719s] INFO:colcon.colcon_core.shell:Creating package descriptor '/home/adarsh/Downloads/files/install/visual_docking/share/visual_docking/package.dsv'
[2.719s] INFO:colcon.colcon_core.shell:Creating package script '/home/adarsh/Downloads/files/install/visual_docking/share/visual_docking/package.sh'
[2.720s] INFO:colcon.colcon_core.shell:Creating package script '/home/adarsh/Downloads/files/install/visual_docking/share/visual_docking/package.bash'
[2.720s] INFO:colcon.colcon_core.shell:Creating package script '/home/adarsh/Downloads/files/install/visual_docking/share/visual_docking/package.zsh'
[2.721s] Level 1:colcon.colcon_core.environment:create_file_with_runtime_dependencies(/home/adarsh/Downloads/files/install/visual_docking/share/colcon-core/packages/visual_docking)
[2.721s] Level 1:colcon.colcon_core.environment:create_environment_scripts_only(visual_docking)
[2.721s] Level 1:colcon.colcon_core.environment:checking '/home/adarsh/Downloads/files/install/visual_docking' for CMake module files
[2.722s] Level 1:colcon.colcon_core.environment:checking '/home/adarsh/Downloads/files/install/visual_docking' for CMake config files
[2.722s] Level 1:colcon.colcon_core.shell:create_environment_hook('visual_docking', 'cmake_prefix_path')
[2.722s] INFO:colcon.colcon_core.shell:Creating environment hook '/home/adarsh/Downloads/files/install/visual_docking/share/visual_docking/hook/cmake_prefix_path.ps1'
[2.722s] INFO:colcon.colcon_core.shell:Creating environment descriptor '/home/adarsh/Downloads/files/install/visual_docking/share/visual_docking/hook/cmake_prefix_path.dsv'
[2.722s] INFO:colcon.colcon_core.shell:Creating environment hook '/home/adarsh/Downloads/files/install/visual_docking/share/visual_docking/hook/cmake_prefix_path.sh'
[2.723s] Level 1:colcon.colcon_core.environment:checking '/home/adarsh/Downloads/files/install/visual_docking/lib'
[2.723s] Level 1:colcon.colcon_core.environment:checking '/home/adarsh/Downloads/files/install/visual_docking/bin'
[2.723s] Level 1:colcon.colcon_core.environment:checking '/home/adarsh/Downloads/files/install/visual_docking/lib/pkgconfig/visual_docking.pc'
[2.723s] Level 1:colcon.colcon_core.environment:checking '/home/adarsh/Downloads/files/install/visual_docking/lib/python3.12/site-packages'
[2.723s] Level 1:colcon.colcon_core.shell:create_environment_hook('visual_docking', 'pythonpath')
[2.723s] INFO:colcon.colcon_core.shell:Creating environment hook '/home/adarsh/Downloads/files/install/visual_docking/share/visual_docking/hook/pythonpath.ps1'
[2.723s] INFO:colcon.colcon_core.shell:Creating environment descriptor '/home/adarsh/Downloads/files/install/visual_docking/share/visual_docking/hook/pythonpath.dsv'
[2.724s] INFO:colcon.colcon_core.shell:Creating environment hook '/home/adarsh/Downloads/files/install/visual_docking/share/visual_docking/hook/pythonpath.sh'
[2.724s] Level 1:colcon.colcon_core.environment:checking '/home/adarsh/Downloads/files/install/visual_docking/bin'
[2.724s] INFO:colcon.colcon_core.shell:Creating package script '/home/adarsh/Downloads/files/install/visual_docking/share/visual_docking/package.ps1'
[2.725s] INFO:colcon.colcon_core.shell:Creating package descriptor '/home/adarsh/Downloads/files/install/visual_docking/share/visual_docking/package.dsv'
[2.725s] INFO:colcon.colcon_core.shell:Creating package script '/home/adarsh/Downloads/files/install/visual_docking/share/visual_docking/package.sh'
[2.725s] INFO:colcon.colcon_core.shell:Creating package script '/home/adarsh/Downloads/files/install/visual_docking/share/visual_docking/package.bash'
[2.725s] INFO:colcon.colcon_core.shell:Creating package script '/home/adarsh/Downloads/files/install/visual_docking/share/visual_docking/package.zsh'
[2.726s] Level 1:colcon.colcon_core.environment:create_file_with_runtime_dependencies(/home/adarsh/Downloads/files/install/visual_docking/share/colcon-core/packages/visual_docking)
[2.726s] DEBUG:colcon.colcon_parallel_executor.executor.parallel:closing loop
[2.726s] DEBUG:colcon.colcon_parallel_executor.executor.parallel:loop closed
[2.726s] DEBUG:colcon.colcon_parallel_executor.executor.parallel:run_until_complete finished with '0'
[2.726s] DEBUG:colcon.colcon_core.event_reactor:joining thread
[2.742s] INFO:colcon.colcon_core.plugin_system:Skipping extension 'colcon_notification.desktop_notification.terminal_notifier': Not used on non-Darwin systems
[2.742s] INFO:colcon.colcon_core.plugin_system:Skipping extension 'colcon_notification.desktop_notification.win32': Not used on non-Windows systems
[2.742s] INFO:colcon.colcon_notification.desktop_notification:Sending desktop notification using 'notify2'
[2.753s] DEBUG:colcon.colcon_core.event_reactor:joined thread
[2.754s] INFO:colcon.colcon_core.shell:Creating prefix script '/home/adarsh/Downloads/files/install/local_setup.ps1'
[2.755s] INFO:colcon.colcon_core.shell:Creating prefix util module '/home/adarsh/Downloads/files/install/_local_setup_util_ps1.py'
[2.756s] INFO:colcon.colcon_core.shell:Creating prefix chain script '/home/adarsh/Downloads/files/install/setup.ps1'
[2.756s] INFO:colcon.colcon_core.shell:Creating prefix script '/home/adarsh/Downloads/files/install/local_setup.sh'
[2.757s] INFO:colcon.colcon_core.shell:Creating prefix util module '/home/adarsh/Downloads/files/install/_local_setup_util_sh.py'
[2.757s] INFO:colcon.colcon_core.shell:Creating prefix chain script '/home/adarsh/Downloads/files/install/setup.sh'
[2.758s] INFO:colcon.colcon_core.shell:Creating prefix script '/home/adarsh/Downloads/files/install/local_setup.bash'
[2.758s] INFO:colcon.colcon_core.shell:Creating prefix chain script '/home/adarsh/Downloads/files/install/setup.bash'
[2.759s] INFO:colcon.colcon_core.shell:Creating prefix script '/home/adarsh/Downloads/files/install/local_setup.zsh'
[2.759s] INFO:colcon.colcon_core.shell:Creating prefix chain script '/home/adarsh/Downloads/files/install/setup.zsh'
