-- The C compiler identification is GNU 13.3.0
-- The CXX compiler identification is GNU 13.3.0
-- Detecting C compiler ABI info
-- Detecting C compiler ABI info - done
-- Check for working C compiler: /usr/bin/cc - skipped
-- Detecting C compile features
-- Detecting C compile features - done
-- Detecting CXX compiler ABI info
-- Detecting CXX compiler ABI info - done
-- Check for working CXX compiler: /usr/bin/c++ - skipped
-- Detecting CXX compile features
-- Detecting CXX compile features - done
-- Found ament_cmake: 2.5.5 (/opt/ros/jazzy/share/ament_cmake/cmake)
-- Found Python3: /usr/bin/python3 (found version "3.12.3") found components: Interpreter 
-- Override CMake install command with custom implementation using symlinks instead of copying resources
-- Found rclcpp: 28.1.16 (/opt/ros/jazzy/share/rclcpp/cmake)
-- Found rosidl_generator_c: 4.6.7 (/opt/ros/jazzy/share/rosidl_generator_c/cmake)
-- Found rosidl_generator_cpp: 4.6.7 (/opt/ros/jazzy/share/rosidl_generator_cpp/cmake)
-- Using all available rosidl_typesupport_c: rosidl_typesupport_fastrtps_c;rosidl_typesupport_introspection_c
-- Using all available rosidl_typesupport_cpp: rosidl_typesupport_fastrtps_cpp;rosidl_typesupport_introspection_cpp
-- Found rmw_implementation_cmake: 7.3.3 (/opt/ros/jazzy/share/rmw_implementation_cmake/cmake)
-- Found rmw_fastrtps_cpp: 8.4.3 (/opt/ros/jazzy/share/rmw_fastrtps_cpp/cmake)
-- Found OpenSSL: /usr/lib/x86_64-linux-gnu/libcrypto.so (found version "3.0.13")  
-- Found FastRTPS: /opt/ros/jazzy/include (Required is at least version "2.13") 
-- Using RMW implementation 'rmw_fastrtps_cpp' as default
-- Found rclpy: 7.1.9 (/opt/ros/jazzy/share/rclpy/cmake)
-- Found std_msgs: 5.3.6 (/opt/ros/jazzy/share/std_msgs/cmake)
-- Found geometry_msgs: 5.3.6 (/opt/ros/jazzy/share/geometry_msgs/cmake)
-- Found sensor_msgs: 5.3.6 (/opt/ros/jazzy/share/sensor_msgs/cmake)
-- Found nav_msgs: 5.3.6 (/opt/ros/jazzy/share/nav_msgs/cmake)
-- Found cv_bridge: 4.1.0 (/opt/ros/jazzy/share/cv_bridge/cmake)
-- Found image_transport: 5.1.7 (/opt/ros/jazzy/share/image_transport/cmake)
-- Found tf2: 0.36.19 (/opt/ros/jazzy/share/tf2/cmake)
-- Found tf2_ros: 0.36.19 (/opt/ros/jazzy/share/tf2_ros/cmake)
-- Found tf2_geometry_msgs: 0.36.19 (/opt/ros/jazzy/share/tf2_geometry_msgs/cmake)
-- Found eigen3_cmake_module: 0.3.0 (/opt/ros/jazzy/share/eigen3_cmake_module/cmake)
-- Found Eigen3: TRUE (found version "3.4.0") 
-- Ensuring Eigen3 include directory is part of orocos-kdl CMake target
-- Found ament_lint_auto: 0.17.4 (/opt/ros/jazzy/share/ament_lint_auto/cmake)
-- Added test 'copyright' to check source files copyright and LICENSE
-- Added test 'cppcheck' to perform static code analysis on C / C++ code
-- Configured cppcheck include dirs: 
-- Configured cppcheck exclude dirs and/or files: 
-- Added test 'cpplint' to check C / C++ code against the Google style
-- Configured cpplint exclude dirs and/or files: 
-- Added test 'flake8' to check Python code syntax and style conventions
-- Configured 'flake8' exclude dirs and/or files: 
-- Added test 'lint_cmake' to check CMake code style
-- Added test 'pep257' to check Python code against some of the docstring style conventions in PEP 257
-- Added test 'uncrustify' to check C / C++ code style
-- Configured uncrustify additional arguments: 
-- Added test 'xmllint' to check XML markup files
-- Configuring done (1.6s)
-- Generating done (0.0s)
-- Build files have been written to: /home/adarsh/Downloads/files/build/visual_docking
Built target ament_cmake_python_symlink_visual_docking
running egg_info
creating visual_docking.egg-info
writing visual_docking.egg-info/PKG-INFO
writing dependency_links to visual_docking.egg-info/dependency_links.txt
writing top-level names to visual_docking.egg-info/top_level.txt
writing manifest file 'visual_docking.egg-info/SOURCES.txt'
reading manifest file 'visual_docking.egg-info/SOURCES.txt'
writing manifest file 'visual_docking.egg-info/SOURCES.txt'
Built target ament_cmake_python_build_visual_docking_egg
-- Install configuration: ""
-- Execute custom install script
-- Symlinking: /home/adarsh/Downloads/files/install/visual_docking/share/visual_docking/environment/pythonpath.sh
-- Symlinking: /home/adarsh/Downloads/files/install/visual_docking/share/visual_docking/environment/pythonpath.dsv
-- Symlinking: /home/adarsh/Downloads/files/install/visual_docking/lib/python3.12/site-packages/visual_docking-2.0.0-py3.12.egg-info/PKG-INFO
-- Symlinking: /home/adarsh/Downloads/files/install/visual_docking/lib/python3.12/site-packages/visual_docking-2.0.0-py3.12.egg-info/SOURCES.txt
-- Symlinking: /home/adarsh/Downloads/files/install/visual_docking/lib/python3.12/site-packages/visual_docking-2.0.0-py3.12.egg-info/dependency_links.txt
-- Symlinking: /home/adarsh/Downloads/files/install/visual_docking/lib/python3.12/site-packages/visual_docking-2.0.0-py3.12.egg-info/top_level.txt
-- Symlinking: /home/adarsh/Downloads/files/install/visual_docking/lib/python3.12/site-packages/visual_docking/__init__.py
-- Symlinking: /home/adarsh/Downloads/files/install/visual_docking/lib/visual_docking/aruco_detector_node.py
-- Symlinking: /home/adarsh/Downloads/files/install/visual_docking/lib/visual_docking/dock_controller.py
-- Symlinking: /home/adarsh/Downloads/files/install/visual_docking/lib/visual_docking/generate_aruco_marker.py
-- Symlinking: /home/adarsh/Downloads/files/install/visual_docking/share/visual_docking//launch/docking_simulation.launch.py
-- Symlinking: /home/adarsh/Downloads/files/install/visual_docking/share/visual_docking//config/aruco_params.yaml
-- Symlinking: /home/adarsh/Downloads/files/install/visual_docking/share/visual_docking//worlds/room_world.sdf
-- Symlinking: /home/adarsh/Downloads/files/install/visual_docking/share/visual_docking//models/aruco_marker/meshes/aruco_marker.png
-- Symlinking: /home/adarsh/Downloads/files/install/visual_docking/share/visual_docking//models/aruco_marker/model.config
-- Symlinking: /home/adarsh/Downloads/files/install/visual_docking/share/visual_docking//models/aruco_marker/model.sdf
-- Symlinking: /home/adarsh/Downloads/files/install/visual_docking/share/visual_docking//models/docking_robot/model.config
-- Symlinking: /home/adarsh/Downloads/files/install/visual_docking/share/visual_docking//models/docking_robot/model.sdf
-- Symlinking: /home/adarsh/Downloads/files/install/visual_docking/share/visual_docking//urdf/docking_robot.urdf.xacro
-- Symlinking: /home/adarsh/Downloads/files/install/visual_docking/share/ament_index/resource_index/package_run_dependencies/visual_docking
-- Symlinking: /home/adarsh/Downloads/files/install/visual_docking/share/ament_index/resource_index/parent_prefix_path/visual_docking
-- Symlinking: /home/adarsh/Downloads/files/install/visual_docking/share/visual_docking/environment/ament_prefix_path.sh
-- Symlinking: /home/adarsh/Downloads/files/install/visual_docking/share/visual_docking/environment/ament_prefix_path.dsv
-- Symlinking: /home/adarsh/Downloads/files/install/visual_docking/share/visual_docking/environment/path.sh
-- Symlinking: /home/adarsh/Downloads/files/install/visual_docking/share/visual_docking/environment/path.dsv
-- Symlinking: /home/adarsh/Downloads/files/install/visual_docking/share/visual_docking/local_setup.bash
-- Symlinking: /home/adarsh/Downloads/files/install/visual_docking/share/visual_docking/local_setup.sh
-- Symlinking: /home/adarsh/Downloads/files/install/visual_docking/share/visual_docking/local_setup.zsh
-- Symlinking: /home/adarsh/Downloads/files/install/visual_docking/share/visual_docking/local_setup.dsv
-- Symlinking: /home/adarsh/Downloads/files/install/visual_docking/share/visual_docking/package.dsv
-- Symlinking: /home/adarsh/Downloads/files/install/visual_docking/share/ament_index/resource_index/packages/visual_docking
-- Symlinking: /home/adarsh/Downloads/files/install/visual_docking/share/visual_docking/cmake/visual_dockingConfig.cmake
-- Symlinking: /home/adarsh/Downloads/files/install/visual_docking/share/visual_docking/cmake/visual_dockingConfig-version.cmake
-- Symlinking: /home/adarsh/Downloads/files/install/visual_docking/share/visual_docking/package.xml
Listing '/home/adarsh/Downloads/files/install/visual_docking/lib/python3.12/site-packages/visual_docking'...
Compiling '/home/adarsh/Downloads/files/install/visual_docking/lib/python3.12/site-packages/visual_docking/__init__.py'...
